2 procs openmpi

asrun: Going to invoke /home/garlick/work/redis/redis-2.6.11/src/redis-server -
XXX -1:PMI_Initialized
XXX 0:PMI_Init
XXX -1:PMI_Initialized
XXX 1:PMI_Init
XXX 0:PMI_Get_id_length_max
XXX 0:PMI_Get_kvs_domain_id
XXX 0:PMI_Get_rank
XXX 1:PMI_Get_id_length_max
XXX 1:PMI_Get_kvs_domain_id
XXX 1:PMI_Get_rank
XXX 0:PMI_Get_universe_size
XXX 0:PMI_Get_appnum
XXX 0:PMI_Get_clique_size
XXX 0:PMI_Get_clique_ranks
XXX 1:PMI_Get_universe_size
XXX 1:PMI_Get_appnum
XXX 1:PMI_Get_clique_size
XXX 1:PMI_Get_clique_ranks
XXX 0:PMI_Initialized
XXX 0:PMI_KVS_Get_value_length_max
XXX 0:PMI_KVS_Get_name_length_max
XXX 0:PMI_KVS_Get_my_name
XXX 0:PMI_KVS_Get_key_length_max
XXX 1:PMI_Initialized
XXX 1:PMI_KVS_Get_value_length_max
XXX 1:PMI_KVS_Get_name_length_max
XXX 1:PMI_KVS_Get_my_name
XXX 1:PMI_KVS_Get_key_length_max
XXX 0:PMI_KVS_Put job105:[[0,1],0]-MPI_THREAD_LEVEL 10
XXX 1:PMI_KVS_Put job105:[[0,1],1]-MPI_THREAD_LEVEL 10
XXX 0:PMI_KVS_Put job105:[[0,1],0]-OMPI_ARCH 00000010ff9c210000
XXX 1:PMI_KVS_Put job105:[[0,1],1]-OMPI_ARCH 00000010ff9c210000
XXX 0:PMI_KVS_Put job105:[[0,1],0]-btl.sctp.1.6 0c8a10889ab30000
XXX 0:PMI_KVS_Put job105:[[0,1],0]-btl.tcp.1.6 0c8a108800000000000000000000000040002000000000000c8aa7100000000000000000000000004000300000000000
XXX 1:PMI_KVS_Put job105:[[0,1],1]-btl.sctp.1.6 0c8a108839d70000
XXX 0:PMI_KVS_Put job105:[[0,1],0]-HOSTNAME jimbo.chaos
XXX 0:PMI_KVS_Put job105:[[0,1],0]-RMLURI 13e203b3473607a3f2f2139323e2136383e213e2133363a34353934323b3473607a3f2f2139323e2136383e2132323e213a34353934323
XXX 1:PMI_KVS_Put job105:[[0,1],1]-btl.tcp.1.6 0c8a108800000000000000000000000040102000000000000c8aa7100000000000000000000000004010300000000000
XXX 0:PMI_KVS_Put job105:[[0,1],0]-LOCALRANK 0
XXX 1:PMI_KVS_Put job105:[[0,1],1]-HOSTNAME jimbo.chaos
XXX 0:PMI_KVS_Put job105:[[0,1],0]-NODERANK 0
XXX 1:PMI_KVS_Put job105:[[0,1],1]-RMLURI 13e213b3473607a3f2f2139323e2136383e213e2133363a35323531323b3473607a3f2f2139323e2136383e2132323e213a35323531323
XXX 0:PMI_KVS_Commit job105
XXX 0:PMI_Barrier
XXX 1:PMI_KVS_Put job105:[[0,1],1]-LOCALRANK 1
XXX 1:PMI_KVS_Put job105:[[0,1],1]-NODERANK 1
XXX 1:PMI_KVS_Commit job105
XXX 1:PMI_Barrier
XXX 0:PMI_KVS_Get job105:[[0,1],1]-RMLURI
XXX 1:PMI_KVS_Get job105:[[0,1],0]-RMLURI
XXX 0:PMI_KVS_Get job105:[[0,1],1]-HOSTNAME
XXX 1:PMI_KVS_Get job105:[[0,1],0]-HOSTNAME
XXX 1:PMI_KVS_Get job105:[[0,1],0]-LOCALRANK
XXX 0:PMI_KVS_Get job105:[[0,1],1]-LOCALRANK
XXX 1:PMI_KVS_Get job105:[[0,1],0]-NODERANK
XXX 0:PMI_KVS_Get job105:[[0,1],1]-NODERANK
XXX 1:PMI_KVS_Get job105:[[0,1],0]-OMPI_ARCH
XXX 0:PMI_KVS_Get job105:[[0,1],1]-OMPI_ARCH
XXX 0:PMI_KVS_Get job105:[[0,1],1]-btl.tcp.1.6
XXX 0:PMI_KVS_Get job105:[[0,1],0]-btl.tcp.1.6
XXX 0:PMI_KVS_Get job105:[[0,1],1]-btl.tcp.1.6
XXX 0:PMI_KVS_Get job105:[[0,1],1]-btl.sctp.1.6
XXX 0:PMI_KVS_Get job105:[[0,1],0]-btl.sctp.1.6
XXX 0:PMI_Barrier
XXX 1:PMI_KVS_Get job105:[[0,1],0]-btl.tcp.1.6
XXX 1:PMI_KVS_Get job105:[[0,1],1]-btl.tcp.1.6
XXX 1:PMI_KVS_Get job105:[[0,1],0]-btl.tcp.1.6
XXX 1:PMI_KVS_Get job105:[[0,1],0]-btl.sctp.1.6
XXX 1:PMI_KVS_Get job105:[[0,1],1]-btl.sctp.1.6
XXX 1:PMI_Barrier
XXX 0:PMI_Initialized
XXX 1:PMI_Initialized
XXX 0:PMI_KVS_Get job105:[[0,1],0]-MPI_THREAD_LEVEL
XXX 1:PMI_KVS_Get job105:[[0,1],0]-MPI_THREAD_LEVEL
XXX 0:PMI_KVS_Get job105:[[0,1],1]-MPI_THREAD_LEVEL
XXX 1:PMI_KVS_Get job105:[[0,1],1]-MPI_THREAD_LEVEL
0: completed MPI_Init.  There are 2 tasks
0: completed first barrier
XXX 0:PMI_Barrier
XXX 1:PMI_Barrier
0: completed MPI_Finalize
srun: Going to invoke /home/garlick/work/redis/redis-2.6.11/src/redis-cli shutdown


4 procs openmpi

srun: Going to invoke /home/garlick/work/redis/redis-2.6.11/src/redis-server -
XXX -1:PMI_Initialized
XXX 0:PMI_Init
XXX 0:PMI_Get_id_length_max
XXX 0:PMI_Get_kvs_domain_id
XXX 0:PMI_Get_rank
XXX 0:PMI_Get_universe_size
XXX 0:PMI_Get_appnum
XXX 0:PMI_Get_clique_size
XXX 0:PMI_Get_clique_ranks
XXX -1:PMI_Initialized
XXX -1:PMI_Initialized
XXX 3:PMI_Init
XXX 1:PMI_Init
XXX -1:PMI_Initialized
XXX 2:PMI_Init
XXX 0:PMI_Initialized
XXX 0:PMI_KVS_Get_value_length_max
XXX 0:PMI_KVS_Get_name_length_max
XXX 0:PMI_KVS_Get_my_name
XXX 0:PMI_KVS_Get_key_length_max
XXX 2:PMI_Get_id_length_max
XXX 2:PMI_Get_kvs_domain_id
XXX 2:PMI_Get_rank
XXX 2:PMI_Get_universe_size
XXX 2:PMI_Get_appnum
XXX 2:PMI_Get_clique_size
XXX 2:PMI_Get_clique_ranks
XXX 3:PMI_Get_id_length_max
XXX 3:PMI_Get_kvs_domain_id
XXX 3:PMI_Get_rank
XXX 3:PMI_Get_universe_size
XXX 3:PMI_Get_appnum
XXX 3:PMI_Get_clique_size
XXX 3:PMI_Get_clique_ranks
XXX 1:PMI_Get_id_length_max
XXX 1:PMI_Get_kvs_domain_id
XXX 1:PMI_Get_rank
XXX 1:PMI_Get_universe_size
XXX 1:PMI_Get_appnum
XXX 1:PMI_Get_clique_size
XXX 1:PMI_Get_clique_ranks
XXX 2:PMI_Initialized
XXX 2:PMI_KVS_Get_value_length_max
XXX 3:PMI_Initialized
XXX 3:PMI_KVS_Get_value_length_max
XXX 3:PMI_KVS_Get_name_length_max
XXX 3:PMI_KVS_Get_my_name
XXX 2:PMI_KVS_Get_name_length_max
XXX 2:PMI_KVS_Get_my_name
XXX 2:PMI_KVS_Get_key_length_max
XXX 3:PMI_KVS_Get_key_length_max
XXX 0:PMI_KVS_Put job106:[[0,1],0]-MPI_THREAD_LEVEL 10
XXX 1:PMI_Initialized
XXX 1:PMI_KVS_Get_value_length_max
XXX 1:PMI_KVS_Get_name_length_max
XXX 1:PMI_KVS_Get_my_name
XXX 1:PMI_KVS_Get_key_length_max
XXX 1:PMI_KVS_Put job106:[[0,1],1]-MPI_THREAD_LEVEL 10
XXX 2:PMI_KVS_Put job106:[[0,1],2]-MPI_THREAD_LEVEL 10
XXX 3:PMI_KVS_Put job106:[[0,1],3]-MPI_THREAD_LEVEL 10
XXX 0:PMI_KVS_Put job106:[[0,1],0]-OMPI_ARCH 00000010ff9c210000
XXX 1:PMI_KVS_Put job106:[[0,1],1]-OMPI_ARCH 00000010ff9c210000
XXX 2:PMI_KVS_Put job106:[[0,1],2]-OMPI_ARCH 00000010ff9c210000
XXX 3:PMI_KVS_Put job106:[[0,1],3]-OMPI_ARCH 00000010ff9c210000
XXX 0:PMI_KVS_Put job106:[[0,1],0]-btl.sctp.1.6 0c8a10880cfd0000
XXX 0:PMI_KVS_Put job106:[[0,1],0]-btl.tcp.1.6 0c8a108800000000000000000000000040002000000000000c8aa7100000000000000000000000004000300000000000
XXX 0:PMI_KVS_Put job106:[[0,1],0]-HOSTNAME jimbo.chaos
XXX 0:PMI_KVS_Put job106:[[0,1],0]-RMLURI 13e203b3473607a3f2f2139323e2136383e213e2133363a34393032343b3473607a3f2f2139323e2136383e2132323e213a34393032343
XXX 0:PMI_KVS_Put job106:[[0,1],0]-LOCALRANK 0
XXX 0:PMI_KVS_Put job106:[[0,1],0]-NODERANK 0
XXX 0:PMI_KVS_Commit job106
XXX 0:PMI_Barrier
XXX 1:PMI_KVS_Put job106:[[0,1],1]-btl.sctp.1.6 0c8a1088e9180000
XXX 1:PMI_KVS_Put job106:[[0,1],1]-btl.tcp.1.6 0c8a108800000000000000000000000040102000000000000c8aa7100000000000000000000000004010300000000000
XXX 1:PMI_KVS_Put job106:[[0,1],1]-HOSTNAME jimbo.chaos
XXX 1:PMI_KVS_Put job106:[[0,1],1]-RMLURI 13e213b3473607a3f2f2139323e2136383e213e2133363a34373536313b3473607a3f2f2139323e2136383e2132323e213a34373536313
XXX 1:PMI_KVS_Put job106:[[0,1],1]-LOCALRANK 1
XXX 1:PMI_KVS_Put job106:[[0,1],1]-NODERANK 1
XXX 1:PMI_KVS_Commit job106
XXX 1:PMI_Barrier
XXX 2:PMI_KVS_Put job106:[[0,1],2]-btl.sctp.1.6 0c8a1088bb2a0000
XXX 2:PMI_KVS_Put job106:[[0,1],2]-btl.tcp.1.6 0c8a108800000000000000000000000040202000000000000c8aa7100000000000000000000000004020300000000000
XXX 2:PMI_KVS_Put job106:[[0,1],2]-HOSTNAME jimbo.chaos
XXX 2:PMI_KVS_Put job106:[[0,1],2]-RMLURI 13e223b3473607a3f2f2139323e2136383e213e2133363a33393339373b3473607a3f2f2139323e2136383e2132323e213a33393339373
XXX 3:PMI_KVS_Put job106:[[0,1],3]-btl.sctp.1.6 0c8a10885a3e0000
XXX 2:PMI_KVS_Put job106:[[0,1],2]-LOCALRANK 2
XXX 2:PMI_KVS_Put job106:[[0,1],2]-NODERANK 2
XXX 3:PMI_KVS_Put job106:[[0,1],3]-btl.tcp.1.6 0c8a108800000000000000000000000040302000000000000c8aa7100000000000000000000000004030300000000000
XXX 2:PMI_KVS_Commit job106
XXX 2:PMI_Barrier
XXX 3:PMI_KVS_Put job106:[[0,1],3]-HOSTNAME jimbo.chaos
XXX 3:PMI_KVS_Put job106:[[0,1],3]-RMLURI 13e233b3473607a3f2f2139323e2136383e213e2133363a35343638323b3473607a3f2f2139323e2136383e2132323e213a35343638323
XXX 3:PMI_KVS_Put job106:[[0,1],3]-LOCALRANK 3
XXX 3:PMI_KVS_Put job106:[[0,1],3]-NODERANK 3
XXX 3:PMI_KVS_Commit job106
XXX 3:PMI_Barrier
XXX 3:PMI_KVS_Get job106:[[0,1],0]-RMLURI
XXX 0:PMI_KVS_Get job106:[[0,1],1]-RMLURI
XXX 1:PMI_KVS_Get job106:[[0,1],0]-RMLURI
XXX 2:PMI_KVS_Get job106:[[0,1],0]-RMLURI
XXX 3:PMI_KVS_Get job106:[[0,1],0]-HOSTNAME
XXX 3:PMI_KVS_Get job106:[[0,1],0]-LOCALRANK
XXX 0:PMI_KVS_Get job106:[[0,1],1]-HOSTNAME
XXX 1:PMI_KVS_Get job106:[[0,1],0]-HOSTNAME
XXX 0:PMI_KVS_Get job106:[[0,1],1]-LOCALRANK
XXX 2:PMI_KVS_Get job106:[[0,1],0]-HOSTNAME
XXX 3:PMI_KVS_Get job106:[[0,1],0]-NODERANK
XXX 3:PMI_KVS_Get job106:[[0,1],1]-RMLURI
XXX 3:PMI_KVS_Get job106:[[0,1],1]-HOSTNAME
XXX 1:PMI_KVS_Get job106:[[0,1],0]-LOCALRANK
XXX 2:PMI_KVS_Get job106:[[0,1],0]-LOCALRANK
XXX 0:PMI_KVS_Get job106:[[0,1],1]-NODERANK
XXX 3:PMI_KVS_Get job106:[[0,1],1]-LOCALRANK
XXX 0:PMI_KVS_Get job106:[[0,1],2]-RMLURI
XXX 2:PMI_KVS_Get job106:[[0,1],0]-NODERANK
XXX 1:PMI_KVS_Get job106:[[0,1],0]-NODERANK
XXX 3:PMI_KVS_Get job106:[[0,1],1]-NODERANK
XXX 0:PMI_KVS_Get job106:[[0,1],2]-HOSTNAME
XXX 1:PMI_KVS_Get job106:[[0,1],2]-RMLURI
XXX 2:PMI_KVS_Get job106:[[0,1],1]-RMLURI
XXX 3:PMI_KVS_Get job106:[[0,1],2]-RMLURI
XXX 2:PMI_KVS_Get job106:[[0,1],1]-HOSTNAME
XXX 3:PMI_KVS_Get job106:[[0,1],2]-HOSTNAME
XXX 1:PMI_KVS_Get job106:[[0,1],2]-HOSTNAME
XXX 0:PMI_KVS_Get job106:[[0,1],2]-LOCALRANK
XXX 3:PMI_KVS_Get job106:[[0,1],2]-LOCALRANK
XXX 3:PMI_KVS_Get job106:[[0,1],2]-NODERANK
XXX 1:PMI_KVS_Get job106:[[0,1],2]-LOCALRANK
XXX 2:PMI_KVS_Get job106:[[0,1],1]-LOCALRANK
XXX 3:PMI_KVS_Get job106:[[0,1],0]-OMPI_ARCH
XXX 1:PMI_KVS_Get job106:[[0,1],2]-NODERANK
XXX 0:PMI_KVS_Get job106:[[0,1],2]-NODERANK
XXX 3:PMI_KVS_Get job106:[[0,1],1]-OMPI_ARCH
XXX 2:PMI_KVS_Get job106:[[0,1],1]-NODERANK
XXX 3:PMI_KVS_Get job106:[[0,1],2]-OMPI_ARCH
XXX 1:PMI_KVS_Get job106:[[0,1],3]-RMLURI
XXX 2:PMI_KVS_Get job106:[[0,1],3]-RMLURI
XXX 0:PMI_KVS_Get job106:[[0,1],3]-RMLURI
XXX 1:PMI_KVS_Get job106:[[0,1],3]-HOSTNAME
XXX 2:PMI_KVS_Get job106:[[0,1],3]-HOSTNAME
XXX 1:PMI_KVS_Get job106:[[0,1],3]-LOCALRANK
XXX 2:PMI_KVS_Get job106:[[0,1],3]-LOCALRANK
XXX 1:PMI_KVS_Get job106:[[0,1],3]-NODERANK
XXX 0:PMI_KVS_Get job106:[[0,1],3]-HOSTNAME
XXX 1:PMI_KVS_Get job106:[[0,1],0]-OMPI_ARCH
XXX 2:PMI_KVS_Get job106:[[0,1],3]-NODERANK
XXX 0:PMI_KVS_Get job106:[[0,1],3]-LOCALRANK
XXX 1:PMI_KVS_Get job106:[[0,1],2]-OMPI_ARCH
XXX 1:PMI_KVS_Get job106:[[0,1],3]-OMPI_ARCH
XXX 2:PMI_KVS_Get job106:[[0,1],0]-OMPI_ARCH
XXX 0:PMI_KVS_Get job106:[[0,1],3]-NODERANK
XXX 2:PMI_KVS_Get job106:[[0,1],1]-OMPI_ARCH
XXX 0:PMI_KVS_Get job106:[[0,1],1]-OMPI_ARCH
XXX 2:PMI_KVS_Get job106:[[0,1],3]-OMPI_ARCH
XXX 0:PMI_KVS_Get job106:[[0,1],2]-OMPI_ARCH
XXX 0:PMI_KVS_Get job106:[[0,1],3]-OMPI_ARCH
XXX 2:PMI_KVS_Get job106:[[0,1],0]-btl.tcp.1.6
XXX 2:PMI_KVS_Get job106:[[0,1],1]-btl.tcp.1.6
XXX 2:PMI_KVS_Get job106:[[0,1],3]-btl.tcp.1.6
XXX 2:PMI_KVS_Get job106:[[0,1],2]-btl.tcp.1.6
XXX 2:PMI_KVS_Get job106:[[0,1],0]-btl.tcp.1.6
XXX 2:PMI_KVS_Get job106:[[0,1],1]-btl.tcp.1.6
XXX 2:PMI_KVS_Get job106:[[0,1],3]-btl.tcp.1.6
XXX 2:PMI_KVS_Get job106:[[0,1],0]-btl.sctp.1.6
XXX 2:PMI_KVS_Get job106:[[0,1],1]-btl.sctp.1.6
XXX 2:PMI_KVS_Get job106:[[0,1],3]-btl.sctp.1.6
XXX 2:PMI_KVS_Get job106:[[0,1],2]-btl.sctp.1.6
XXX 2:PMI_Barrier
XXX 0:PMI_KVS_Get job106:[[0,1],1]-btl.tcp.1.6
XXX 1:PMI_KVS_Get job106:[[0,1],0]-btl.tcp.1.6
XXX 3:PMI_KVS_Get job106:[[0,1],0]-btl.tcp.1.6
XXX 0:PMI_KVS_Get job106:[[0,1],2]-btl.tcp.1.6
XXX 1:PMI_KVS_Get job106:[[0,1],2]-btl.tcp.1.6
XXX 3:PMI_KVS_Get job106:[[0,1],1]-btl.tcp.1.6
XXX 0:PMI_KVS_Get job106:[[0,1],3]-btl.tcp.1.6
XXX 1:PMI_KVS_Get job106:[[0,1],3]-btl.tcp.1.6
XXX 3:PMI_KVS_Get job106:[[0,1],2]-btl.tcp.1.6
XXX 0:PMI_KVS_Get job106:[[0,1],0]-btl.tcp.1.6
XXX 1:PMI_KVS_Get job106:[[0,1],1]-btl.tcp.1.6
XXX 3:PMI_KVS_Get job106:[[0,1],3]-btl.tcp.1.6
XXX 0:PMI_KVS_Get job106:[[0,1],1]-btl.tcp.1.6
XXX 1:PMI_KVS_Get job106:[[0,1],0]-btl.tcp.1.6
XXX 3:PMI_KVS_Get job106:[[0,1],0]-btl.tcp.1.6
XXX 0:PMI_KVS_Get job106:[[0,1],2]-btl.tcp.1.6
XXX 1:PMI_KVS_Get job106:[[0,1],2]-btl.tcp.1.6
XXX 3:PMI_KVS_Get job106:[[0,1],1]-btl.tcp.1.6
XXX 0:PMI_KVS_Get job106:[[0,1],3]-btl.tcp.1.6
XXX 1:PMI_KVS_Get job106:[[0,1],3]-btl.tcp.1.6
XXX 3:PMI_KVS_Get job106:[[0,1],2]-btl.tcp.1.6
XXX 0:PMI_KVS_Get job106:[[0,1],1]-btl.sctp.1.6
XXX 1:PMI_KVS_Get job106:[[0,1],0]-btl.sctp.1.6
XXX 3:PMI_KVS_Get job106:[[0,1],0]-btl.sctp.1.6
XXX 0:PMI_KVS_Get job106:[[0,1],2]-btl.sctp.1.6
XXX 1:PMI_KVS_Get job106:[[0,1],2]-btl.sctp.1.6
XXX 3:PMI_KVS_Get job106:[[0,1],1]-btl.sctp.1.6
XXX 0:PMI_KVS_Get job106:[[0,1],3]-btl.sctp.1.6
XXX 1:PMI_KVS_Get job106:[[0,1],3]-btl.sctp.1.6
XXX 3:PMI_KVS_Get job106:[[0,1],2]-btl.sctp.1.6
XXX 0:PMI_KVS_Get job106:[[0,1],0]-btl.sctp.1.6
XXX 1:PMI_KVS_Get job106:[[0,1],1]-btl.sctp.1.6
XXX 3:PMI_KVS_Get job106:[[0,1],3]-btl.sctp.1.6
XXX 0:PMI_Barrier
XXX 1:PMI_Barrier
XXX 3:PMI_Barrier
XXX 0:PMI_Initialized
XXX 1:PMI_Initialized
XXX 3:PMI_Initialized
XXX 2:PMI_Initialized
XXX 0:PMI_KVS_Get job106:[[0,1],0]-MPI_THREAD_LEVEL
XXX 1:PMI_KVS_Get job106:[[0,1],0]-MPI_THREAD_LEVEL
XXX 3:PMI_KVS_Get job106:[[0,1],0]-MPI_THREAD_LEVEL
XXX 2:PMI_KVS_Get job106:[[0,1],0]-MPI_THREAD_LEVEL
XXX 3:PMI_KVS_Get job106:[[0,1],1]-MPI_THREAD_LEVEL
XXX 0:PMI_KVS_Get job106:[[0,1],1]-MPI_THREAD_LEVEL
XXX 0:PMI_KVS_Get job106:[[0,1],2]-MPI_THREAD_LEVEL
XXX 1:PMI_KVS_Get job106:[[0,1],1]-MPI_THREAD_LEVEL
XXX 3:PMI_KVS_Get job106:[[0,1],2]-MPI_THREAD_LEVEL
XXX 2:PMI_KVS_Get job106:[[0,1],1]-MPI_THREAD_LEVEL
XXX 3:PMI_KVS_Get job106:[[0,1],3]-MPI_THREAD_LEVEL
XXX 0:PMI_KVS_Get job106:[[0,1],3]-MPI_THREAD_LEVEL
XXX 1:PMI_KVS_Get job106:[[0,1],2]-MPI_THREAD_LEVEL
XXX 1:PMI_KVS_Get job106:[[0,1],3]-MPI_THREAD_LEVEL
XXX 2:PMI_KVS_Get job106:[[0,1],2]-MPI_THREAD_LEVEL
XXX 2:PMI_KVS_Get job106:[[0,1],3]-MPI_THREAD_LEVEL
0: completed MPI_Init.  There are 4 tasks
0: completed first barrier
XXX 0:PMI_Barrier
XXX 1:PMI_Barrier
XXX 2:PMI_Barrier
XXX 3:PMI_Barrier
0: completed MPI_Finalize
srun: Going to invoke /home/garlick/work/redis/redis-2.6.11/src/redis-cli shutdown

2 procs mpich2

srun: Going to invoke /home/garlick/work/redis/redis-2.6.11/src/redis-server -
XXX 0:PMI_Init
XXX 1:PMI_Init
XXX 1:PMI_Get_rank
XXX 1:PMI_Get_size
XXX 1:PMI_Get_appnum
XXX 1:PMI_KVS_Get_name_length_max
XXX 1:PMI_KVS_Get_my_name
XXX 1:PMI_KVS_Get_name_length_max
XXX 1:PMI_KVS_Get_my_name
XXX 1:PMI_KVS_Get_key_length_max
XXX 1:PMI_KVS_Get_value_length_max
XXX 1:PMI_KVS_Get_key_length_max
XXX 1:PMI_KVS_Put job108:hostname[1] jimbo.chaos
XXX 0:PMI_Get_rank
XXX 0:PMI_Get_size
XXX 0:PMI_Get_appnum
XXX 0:PMI_KVS_Get_name_length_max
XXX 0:PMI_KVS_Get_my_name
XXX 0:PMI_KVS_Get_name_length_max
XXX 0:PMI_KVS_Get_my_name
XXX 0:PMI_KVS_Get_key_length_max
XXX 0:PMI_KVS_Get_value_length_max
XXX 0:PMI_KVS_Get_key_length_max
XXX 0:PMI_KVS_Put job108:hostname[0] jimbo.chaos
XXX 1:PMI_KVS_Commit job108
XXX 1:PMI_Barrier
XXX 0:PMI_KVS_Commit job108
XXX 0:PMI_Barrier
XXX 1:PMI_KVS_Get job108:hostname[0]
XXX 0:PMI_KVS_Get job108:hostname[1]
XXX 1:PMI_KVS_Get_value_length_max
XXX 1:PMI_KVS_Get_key_length_max
XXX 1:PMI_KVS_Get_value_length_max
XXX 1:PMI_Barrier
XXX 0:PMI_KVS_Get_value_length_max
XXX 0:PMI_KVS_Get_key_length_max
XXX 0:PMI_KVS_Get_value_length_max
XXX 0:PMI_KVS_Put job108:sharedFilename[0] /dev/shm/mpich_shar_tmpN2OqVu
XXX 0:PMI_KVS_Commit job108
XXX 0:PMI_Barrier
XXX 1:PMI_KVS_Get job108:sharedFilename[0]
XXX 1:PMI_KVS_Put job108:P1-businesscard description#jimbo.chaos$port#53370$ifname#192.168.1.136$
XXX 0:PMI_KVS_Put job108:P0-businesscard description#jimbo.chaos$port#33400$ifname#192.168.1.136$
XXX 1:PMI_KVS_Commit job108
XXX 1:PMI_Barrier
XXX 0:PMI_KVS_Commit job108
XXX 0:PMI_Barrier
0: completed MPI_Init.  There are 2 tasks
0: completed first barrier
XXX 0:PMI_Finalize
0: completed MPI_Finalize
XXX 1:PMI_Finalize
srun: Going to invoke /home/garlick/work/redis/redis-2.6.11/src/redis-cli shutdown


4 procs mpich2

srun: Going to invoke /home/garlick/work/redis/redis-2.6.11/src/redis-server -
XXX 0:PMI_Init
XXX 3:PMI_Init
XXX 1:PMI_Init
XXX 3:PMI_Get_rank
XXX 3:PMI_Get_size
XXX 3:PMI_Get_appnum
XXX 3:PMI_KVS_Get_name_length_max
XXX 3:PMI_KVS_Get_my_name
XXX 3:PMI_KVS_Get_name_length_max
XXX 3:PMI_KVS_Get_my_name
XXX 3:PMI_KVS_Get_key_length_max
XXX 3:PMI_KVS_Get_value_length_max
XXX 3:PMI_KVS_Get_key_length_max
XXX 3:PMI_KVS_Put job107:hostname[3] jimbo.chaos
XXX 0:PMI_Get_rank
XXX 0:PMI_Get_size
XXX 0:PMI_Get_appnum
XXX 0:PMI_KVS_Get_name_length_max
XXX 0:PMI_KVS_Get_my_name
XXX 1:PMI_Get_rank
XXX 1:PMI_Get_size
XXX 1:PMI_Get_appnum
XXX 1:PMI_KVS_Get_name_length_max
XXX 0:PMI_KVS_Get_name_length_max
XXX 0:PMI_KVS_Get_my_name
XXX 1:PMI_KVS_Get_my_name
XXX 2:PMI_Init
XXX 3:PMI_KVS_Commit job107
XXX 3:PMI_Barrier
XXX 0:PMI_KVS_Get_key_length_max
XXX 0:PMI_KVS_Get_value_length_max
XXX 0:PMI_KVS_Get_key_length_max
XXX 0:PMI_KVS_Put job107:hostname[0] jimbo.chaos
XXX 1:PMI_KVS_Get_name_length_max
XXX 1:PMI_KVS_Get_my_name
XXX 1:PMI_KVS_Get_key_length_max
XXX 1:PMI_KVS_Get_value_length_max
XXX 1:PMI_KVS_Get_key_length_max
XXX 1:PMI_KVS_Put job107:hostname[1] jimbo.chaos
XXX 0:PMI_KVS_Commit job107
XXX 0:PMI_Barrier
XXX 1:PMI_KVS_Commit job107
XXX 1:PMI_Barrier
XXX 2:PMI_Get_rank
XXX 2:PMI_Get_size
XXX 2:PMI_Get_appnum
XXX 2:PMI_KVS_Get_name_length_max
XXX 2:PMI_KVS_Get_my_name
XXX 2:PMI_KVS_Get_name_length_max
XXX 2:PMI_KVS_Get_my_name
XXX 2:PMI_KVS_Get_key_length_max
XXX 2:PMI_KVS_Get_value_length_max
XXX 2:PMI_KVS_Get_key_length_max
XXX 2:PMI_KVS_Put job107:hostname[2] jimbo.chaos
XXX 2:PMI_KVS_Commit job107
XXX 2:PMI_Barrier
XXX 2:PMI_KVS_Get job107:hostname[0]
XXX 0:PMI_KVS_Get job107:hostname[1]
XXX 3:PMI_KVS_Get job107:hostname[0]
XXX 1:PMI_KVS_Get job107:hostname[0]
XXX 2:PMI_KVS_Get job107:hostname[1]
XXX 3:PMI_KVS_Get job107:hostname[1]
XXX 1:PMI_KVS_Get job107:hostname[2]
XXX 0:PMI_KVS_Get job107:hostname[2]
XXX 3:PMI_KVS_Get job107:hostname[2]
XXX 2:PMI_KVS_Get job107:hostname[3]
XXX 1:PMI_KVS_Get job107:hostname[3]
XXX 0:PMI_KVS_Get job107:hostname[3]
XXX 3:PMI_KVS_Get_value_length_max
XXX 3:PMI_KVS_Get_key_length_max
XXX 3:PMI_KVS_Get_value_length_max
XXX 3:PMI_Barrier
XXX 1:PMI_KVS_Get_value_length_max
XXX 1:PMI_KVS_Get_key_length_max
XXX 1:PMI_KVS_Get_value_length_max
XXX 2:PMI_KVS_Get_value_length_max
XXX 2:PMI_KVS_Get_key_length_max
XXX 0:PMI_KVS_Get_value_length_max
XXX 1:PMI_Barrier
XXX 2:PMI_KVS_Get_value_length_max
XXX 2:PMI_Barrier
XXX 0:PMI_KVS_Get_key_length_max
XXX 0:PMI_KVS_Get_value_length_max
XXX 0:PMI_KVS_Put job107:sharedFilename[0] /dev/shm/mpich_shar_tmpfX7xeU
XXX 0:PMI_KVS_Commit job107
XXX 0:PMI_Barrier
XXX 1:PMI_KVS_Get job107:sharedFilename[0]
XXX 2:PMI_KVS_Get job107:sharedFilename[0]
XXX 3:PMI_KVS_Get job107:sharedFilename[0]
XXX 0:PMI_KVS_Put job107:P0-businesscard description#jimbo.chaos$port#39634$ifname#192.168.1.136$
XXX 3:PMI_KVS_Put job107:P3-businesscard description#jimbo.chaos$port#55428$ifname#192.168.1.136$
XXX 1:PMI_KVS_Put job107:P1-businesscard description#jimbo.chaos$port#53567$ifname#192.168.1.136$
XXX 0:PMI_KVS_Commit job107
XXX 0:PMI_Barrier
XXX 3:PMI_KVS_Commit job107
XXX 3:PMI_Barrier
XXX 2:PMI_KVS_Put job107:P2-businesscard description#jimbo.chaos$port#54886$ifname#192.168.1.136$
XXX 1:PMI_KVS_Commit job107
XXX 1:PMI_Barrier
XXX 2:PMI_KVS_Commit job107
XXX 2:PMI_Barrier
0: completed MPI_Init.  There are 4 tasks
0: completed first barrier
XXX 0:PMI_Finalize
XXX 1:PMI_Finalize
XXX 2:PMI_Finalize
0: completed MPI_Finalize
XXX 3:PMI_Finalize
srun: Going to invoke /home/garlick/work/redis/redis-2.6.11/src/redis-cli shutdown

2 procs mvapich2 psm

srun: Going to invoke /g/g0/garlick/pmi/redis-2.6.11/src/redis-server -
XXX 1:PMI_Init
XXX 1:PMI_Get_rank
XXX 1:PMI_Get_size
XXX 1:PMI_Get_appnum
XXX 1:PMI_KVS_Get_name_length_max
XXX 1:PMI_KVS_Get_my_name
XXX 1:PMI_KVS_Get_name_length_max
XXX 1:PMI_KVS_Get_my_name
XXX 1:PMI_KVS_Get_key_length_max
XXX 1:PMI_KVS_Get_value_length_max
XXX 0:PMI_Init
XXX 0:PMI_Get_rank
XXX 0:PMI_Get_size
XXX 0:PMI_Get_appnum
XXX 0:PMI_KVS_Get_name_length_max
XXX 0:PMI_KVS_Get_my_name
XXX 0:PMI_KVS_Get_name_length_max
XXX 0:PMI_KVS_Get_my_name
XXX 0:PMI_KVS_Get_key_length_max
XXX 0:PMI_KVS_Get_value_length_max
XXX 1:PMI_KVS_Get_key_length_max
XXX 1:PMI_KVS_Put job1099867:hostname[1] -1463773831
XXX 1:PMI_KVS_Commit job1099867
XXX 1:PMI_Barrier
XXX 0:PMI_KVS_Get_key_length_max
XXX 0:PMI_KVS_Put job1099867:hostname[0] -1463774087
XXX 0:PMI_KVS_Commit job1099867
XXX 0:PMI_Barrier
XXX 1:PMI_KVS_Get_key_length_max
XXX 1:PMI_KVS_Get_value_length_max
XXX 1:PMI_KVS_Get job1099867:hostname[0]
XXX 0:PMI_KVS_Get_key_length_max
XXX 0:PMI_KVS_Get_value_length_max
XXX 0:PMI_KVS_Get job1099867:hostname[1]
XXX 1:PMI_Get_rank
XXX 0:PMI_Get_rank
XXX 1:PMI_Barrier
XXX 0:PMI_Barrier
XXX 1:PMI_KVS_Get_key_length_max
XXX 1:PMI_KVS_Get_value_length_max
XXX 1:PMI_KVS_Put job1099867:uuid_1_job1099867 dummy-entry
XXX 0:PMI_KVS_Get_key_length_max
XXX 0:PMI_KVS_Get_value_length_max
XXX 0:PMI_KVS_Put job1099867:uuid_0_job1099867 0BM1L2otRGmdv64kaQ0CXQ==
XXX 1:PMI_KVS_Commit job1099867
XXX 1:PMI_Barrier
XXX 0:PMI_KVS_Commit job1099867
XXX 0:PMI_Barrier
XXX 1:PMI_KVS_Get job1099867:uuid_0_job1099867
XXX 0:PMI_Barrier
XXX 1:PMI_Barrier
XXX 1:PMI_Barrier
XXX 0:PMI_Barrier
XXX 1:PMI_Barrier
XXX 0:PMI_Barrier
XXX 1:PMI_KVS_Get_key_length_max
XXX 1:PMI_KVS_Put job1099867:pmi_epidkey_1 7012867
XXX 0:PMI_KVS_Get_key_length_max
XXX 0:PMI_KVS_Put job1099867:pmi_epidkey_0 7143939
XXX 1:PMI_KVS_Commit job1099867
XXX 1:PMI_Barrier
XXX 0:PMI_KVS_Commit job1099867
XXX 0:PMI_Barrier
XXX 1:PMI_KVS_Get job1099867:pmi_epidkey_0
XXX 0:PMI_KVS_Get job1099867:pmi_epidkey_1
XXX 0:PMI_Barrier
XXX 1:PMI_Barrier
0: completed MPI_Init.  There are 2 tasks
0: completed first barrier
XXX 0:PMI_Finalize
0: completed MPI_Finalize
XXX 1:PMI_Finalize
srun: Going to invoke /g/g0/garlick/pmi/redis-2.6.11/src/redis-cli shutdown

4 procs mvapich2 psm

srun: Going to invoke /g/g0/garlick/pmi/redis-2.6.11/src/redis-server -
XXX 1:PMI_Init
XXX 1:PMI_Get_rank
XXX 1:PMI_Get_size
XXX 1:PMI_Get_appnum
XXX 1:PMI_KVS_Get_name_length_max
XXX 1:PMI_KVS_Get_my_name
XXX 1:PMI_KVS_Get_name_length_max
XXX 1:PMI_KVS_Get_my_name
XXX 1:PMI_KVS_Get_key_length_max
XXX 1:PMI_KVS_Get_value_length_max
XXX 2:PMI_Init
XXX 2:PMI_Get_rank
XXX 2:PMI_Get_size
XXX 2:PMI_Get_appnum
XXX 2:PMI_KVS_Get_name_length_max
XXX 2:PMI_KVS_Get_my_name
XXX 2:PMI_KVS_Get_name_length_max
XXX 2:PMI_KVS_Get_my_name
XXX 2:PMI_KVS_Get_key_length_max
XXX 2:PMI_KVS_Get_value_length_max
XXX 1:PMI_KVS_Get_key_length_max
XXX 1:PMI_KVS_Put job1099867:hostname[1] -1463774087
XXX 1:PMI_KVS_Commit job1099867
XXX 1:PMI_Barrier
XXX 2:PMI_KVS_Get_key_length_max
XXX 2:PMI_KVS_Put job1099867:hostname[2] -1463773831
XXX 2:PMI_KVS_Commit job1099867
XXX 2:PMI_Barrier
XXX 0:PMI_Init
XXX 0:PMI_Get_rank
XXX 0:PMI_Get_size
XXX 0:PMI_Get_appnum
XXX 0:PMI_KVS_Get_name_length_max
XXX 0:PMI_KVS_Get_my_name
XXX 0:PMI_KVS_Get_name_length_max
XXX 0:PMI_KVS_Get_my_name
XXX 0:PMI_KVS_Get_key_length_max
XXX 0:PMI_KVS_Get_value_length_max
XXX 0:PMI_KVS_Get_key_length_max
XXX 0:PMI_KVS_Put job1099867:hostname[0] -1463774343
XXX 0:PMI_KVS_Commit job1099867
XXX 0:PMI_Barrier
XXX 3:PMI_Init
XXX 3:PMI_Get_rank
XXX 3:PMI_Get_size
XXX 3:PMI_Get_appnum
XXX 3:PMI_KVS_Get_name_length_max
XXX 3:PMI_KVS_Get_my_name
XXX 3:PMI_KVS_Get_name_length_max
XXX 3:PMI_KVS_Get_my_name
XXX 3:PMI_KVS_Get_key_length_max
XXX 3:PMI_KVS_Get_value_length_max
XXX 3:PMI_KVS_Get_key_length_max
XXX 3:PMI_KVS_Put job1099867:hostname[3] -1463773319
XXX 3:PMI_KVS_Commit job1099867
XXX 3:PMI_Barrier
XXX 0:PMI_KVS_Get_key_length_max
XXX 0:PMI_KVS_Get_value_length_max
XXX 0:PMI_KVS_Get job1099867:hostname[1]
XXX 3:PMI_KVS_Get_key_length_max
XXX 3:PMI_KVS_Get_value_length_max
XXX 3:PMI_KVS_Get job1099867:hostname[0]
XXX 1:PMI_KVS_Get_key_length_max
XXX 1:PMI_KVS_Get_value_length_max
XXX 1:PMI_KVS_Get job1099867:hostname[0]
XXX 2:PMI_KVS_Get_key_length_max
XXX 2:PMI_KVS_Get_value_length_max
XXX 2:PMI_KVS_Get job1099867:hostname[0]
XXX 0:PMI_KVS_Get job1099867:hostname[2]
XXX 3:PMI_KVS_Get job1099867:hostname[1]
XXX 2:PMI_KVS_Get job1099867:hostname[1]
XXX 1:PMI_KVS_Get job1099867:hostname[2]
XXX 3:PMI_KVS_Get job1099867:hostname[2]
XXX 1:PMI_KVS_Get job1099867:hostname[3]
XXX 0:PMI_KVS_Get job1099867:hostname[3]
XXX 2:PMI_KVS_Get job1099867:hostname[3]
XXX 0:PMI_Get_rank
XXX 3:PMI_Get_rank
XXX 1:PMI_Get_rank
XXX 2:PMI_Get_rank
XXX 1:PMI_Barrier
XXX 3:PMI_Barrier
XXX 2:PMI_Barrier
XXX 0:PMI_Barrier
XXX 2:PMI_KVS_Get_key_length_max
XXX 2:PMI_KVS_Get_value_length_max
XXX 2:PMI_KVS_Put job1099867:uuid_2_job1099867 dummy-entry
XXX 3:PMI_KVS_Get_key_length_max
XXX 3:PMI_KVS_Get_value_length_max
XXX 1:PMI_KVS_Get_key_length_max
XXX 1:PMI_KVS_Get_value_length_max
XXX 1:PMI_KVS_Put job1099867:uuid_1_job1099867 dummy-entry
XXX 3:PMI_KVS_Put job1099867:uuid_3_job1099867 dummy-entry
XXX 0:PMI_KVS_Get_key_length_max
XXX 0:PMI_KVS_Get_value_length_max
XXX 0:PMI_KVS_Put job1099867:uuid_0_job1099867 E1zGuCZgSd6DGMJQ/81D6Q==
XXX 0:PMI_KVS_Commit job1099867
XXX 0:PMI_Barrier
XXX 3:PMI_KVS_Commit job1099867
XXX 3:PMI_Barrier
XXX 1:PMI_KVS_Commit job1099867
XXX 1:PMI_Barrier
XXX 2:PMI_KVS_Commit job1099867
XXX 2:PMI_Barrier
XXX 0:PMI_Barrier
XXX 1:PMI_KVS_Get job1099867:uuid_0_job1099867
XXX 2:PMI_KVS_Get job1099867:uuid_0_job1099867
XXX 3:PMI_KVS_Get job1099867:uuid_0_job1099867
XXX 3:PMI_Barrier
XXX 2:PMI_Barrier
XXX 1:PMI_Barrier
XXX 0:PMI_Barrier
XXX 2:PMI_Barrier
XXX 1:PMI_Barrier
XXX 3:PMI_Barrier
XXX 0:PMI_Barrier
XXX 3:PMI_Barrier
XXX 1:PMI_Barrier
XXX 2:PMI_Barrier
XXX 1:PMI_KVS_Get_key_length_max
XXX 1:PMI_KVS_Put job1099867:pmi_epidkey_1 7143939
XXX 2:PMI_KVS_Get_key_length_max
XXX 2:PMI_KVS_Put job1099867:pmi_epidkey_2 7012867
XXX 1:PMI_KVS_Commit job1099867
XXX 1:PMI_Barrier
XXX 2:PMI_KVS_Commit job1099867
XXX 2:PMI_Barrier
XXX 3:PMI_KVS_Get_key_length_max
XXX 3:PMI_KVS_Put job1099867:pmi_epidkey_3 6816259
XXX 0:PMI_KVS_Get_key_length_max
XXX 0:PMI_KVS_Put job1099867:pmi_epidkey_0 7078403
XXX 0:PMI_KVS_Commit job1099867
XXX 0:PMI_Barrier
XXX 3:PMI_KVS_Commit job1099867
XXX 3:PMI_Barrier
XXX 0:PMI_KVS_Get job1099867:pmi_epidkey_1
XXX 1:PMI_KVS_Get job1099867:pmi_epidkey_0
XXX 2:PMI_KVS_Get job1099867:pmi_epidkey_0
XXX 0:PMI_KVS_Get job1099867:pmi_epidkey_2
XXX 3:PMI_KVS_Get job1099867:pmi_epidkey_0
XXX 1:PMI_KVS_Get job1099867:pmi_epidkey_2
XXX 3:PMI_KVS_Get job1099867:pmi_epidkey_1
XXX 0:PMI_KVS_Get job1099867:pmi_epidkey_3
XXX 2:PMI_KVS_Get job1099867:pmi_epidkey_1
XXX 0:PMI_Barrier
XXX 1:PMI_KVS_Get job1099867:pmi_epidkey_3
XXX 1:PMI_Barrier
XXX 3:PMI_KVS_Get job1099867:pmi_epidkey_2
XXX 2:PMI_KVS_Get job1099867:pmi_epidkey_3
XXX 3:PMI_Barrier
XXX 2:PMI_Barrier
0: completed MPI_Init.  There are 4 tasks
0: completed first barrier
XXX 2:PMI_Finalize
XXX 1:PMI_Finalize
XXX 0:PMI_Finalize
0: completed MPI_Finalize
XXX 3:PMI_Finalize
srun: Going to invoke /g/g0/garlick/pmi/redis-2.6.11/src/redis-cli shutdown

